<?xml version="1.0" encoding="UTF-8"?>
<!-- Generated by org.testng.reporters.JUnitReportReporter -->
<testsuite hostname="Manju12Yadav" failures="0" tests="1" name="com.practice.PrintDeselected" time="3.988" errors="0" timestamp="2023-04-08T16:06:46 IST" skipped="0">
  <testcase classname="com.practice.PrintDeselected" name="deSelectedOpt" time="3.988"/>
  <system-out/>
</testsuite> <!-- com.practice.PrintDeselected -->
