<?xml version="1.0" encoding="UTF-8"?>
<!-- Generated by org.testng.reporters.JUnitReportReporter -->
<testsuite hostname="Manju12Yadav" failures="0" tests="1" name="com.order_module.EditStatusTest" time="9.574" errors="0" timestamp="2023-04-07T09:46:20 IST" skipped="0">
  <testcase classname="com.order_module.EditStatusTest" name="editOrderStatus" time="9.574"/>
  <system-out>
    <![CDATA[Delivery status updated to On The Way!for Order]]>
  </system-out>
</testsuite> <!-- com.order_module.EditStatusTest -->
