<?xml version="1.0" encoding="UTF-8"?>
<!-- Generated by org.testng.reporters.JUnitReportReporter -->
<testsuite hostname="Manju12Yadav" failures="0" tests="4" name="com.practice.DataProExecuteTest" time="0.022" errors="0" timestamp="2023-03-24T10:50:07 IST" skipped="0">
  <testcase classname="com.practice.DataProExecuteTest" name="executeTest" time="0.011"/>
  <system-out>
    <![CDATA[360 Veeru  AE]]>
  </system-out>
  <testcase classname="com.practice.DataProExecuteTest" name="executeTest" time="0.003"/>
  <system-out>
    <![CDATA[363 Manju TE]]>
  </system-out>
  <testcase classname="com.practice.DataProExecuteTest" name="executeTest" time="0.004"/>
  <system-out>
    <![CDATA[362 Siri Sr TE]]>
  </system-out>
  <testcase classname="com.practice.DataProExecuteTest" name="executeTest" time="0.004"/>
  <system-out>
    <![CDATA[361 Kiran Sr TE]]>
  </system-out>
</testsuite> <!-- com.practice.DataProExecuteTest -->
