<?xml version="1.0" encoding="UTF-8"?>
<!-- Generated by org.testng.reporters.JUnitReportReporter -->
<testsuite hostname="Manju12Yadav" failures="0" tests="1" name="com.order_module.CreateOrderTest" time="19.268" errors="0" timestamp="2023-04-07T09:45:33 IST" skipped="0">
  <testcase classname="com.order_module.CreateOrderTest" name="createOrder" time="19.268"/>
  <system-out>
    <![CDATA[createOrder--------> TestScript Execution Started
createOrder----> TestScript Execution Sucessfull]]>
  </system-out>
</testsuite> <!-- com.order_module.CreateOrderTest -->
