<?xml version="1.0" encoding="UTF-8"?>
<!-- Generated by org.testng.reporters.JUnitReportReporter -->
<testsuite hostname="Manju12Yadav" failures="0" tests="1" name="com.testng.Tc_01" time="12.411" errors="0" timestamp="2023-03-27T15:14:32 IST" skipped="0">
  <testcase classname="com.testng.Tc_01" name="crossBrowser" time="12.411"/>
  <system-out/>
</testsuite> <!-- com.testng.Tc_01 -->
