<?xml version="1.0" encoding="UTF-8"?>
<!-- Generated by org.testng.reporters.JUnitReportReporter -->
<testsuite hostname="Manju12Yadav" failures="0" tests="2" name="com.advanced.HardAssert" time="0.023" errors="0" timestamp="2023-03-27T17:11:03 IST" skipped="0">
  <testcase classname="com.advanced.HardAssert" name="script1" time="0.016"/>
  <system-out>
    <![CDATA[----Script-1---
----Script-2---
----Script-3---
----Script-4---]]>
  </system-out>
  <testcase classname="com.advanced.HardAssert" name="script2" time="0.007"/>
  <system-out>
    <![CDATA[----Script-5---
----Script-6---
----Script-7---
----Script-8---]]>
  </system-out>
</testsuite> <!-- com.advanced.HardAssert -->
