<?xml version="1.0" encoding="UTF-8"?>
<!-- Generated by org.testng.reporters.JUnitReportReporter -->
<testsuite hostname="pushpakala" failures="0" tests="1" name="com.advanced.BrokenLinks" time="173.211" errors="0" timestamp="2023-07-05T16:24:25 IST" skipped="0">
  <testcase classname="com.advanced.BrokenLinks" name="test" time="173.211"/>
  <system-out/>
</testsuite> <!-- com.advanced.BrokenLinks -->
