<?xml version="1.0" encoding="UTF-8"?>
<!-- Generated by org.testng.reporters.JUnitReportReporter -->
<testsuite hostname="Manju12Yadav" failures="0" tests="3" name="com.restaurant_module.RestaurantModuleTest" time="31.327" errors="0" timestamp="2023-04-07T09:50:49 IST" skipped="0">
  <testcase classname="com.restaurant_module.RestaurantModuleTest" name="addRestaurant" time="6.946"/>
  <system-out/>
  <testcase classname="com.restaurant_module.RestaurantModuleTest" name="editRestaurant" time="19.506"/>
  <system-out/>
  <testcase classname="com.restaurant_module.RestaurantModuleTest" name="deleteRestaurant" time="4.875"/>
  <system-out/>
</testsuite> <!-- com.restaurant_module.RestaurantModuleTest -->
