<?xml version="1.0" encoding="UTF-8"?>
<!-- Generated by org.testng.reporters.JUnitReportReporter -->
<testsuite hostname="Manju12Yadav" failures="0" tests="1" name="com.restaurant_module.DeleteRestaurantTest" time="15.419" errors="0" timestamp="2023-03-24T15:18:44 IST" skipped="0">
  <testcase classname="com.restaurant_module.DeleteRestaurantTest" name="deleteRestaurant" time="15.419"/>
  <system-out/>
</testsuite> <!-- com.restaurant_module.DeleteRestaurantTest -->
