<?xml version="1.0" encoding="UTF-8"?>
<!-- Generated by org.testng.reporters.JUnitReportReporter -->
<testsuite hostname="Manju12Yadav" failures="0" tests="1" name="com.menu_module.MenuModule" time="7.862" errors="0" timestamp="2023-03-28T11:28:54 IST" skipped="0">
  <testcase classname="com.menu_module.MenuModule" name="addMenu" time="7.862"/>
  <system-out/>
</testsuite> <!-- com.menu_module.MenuModule -->
