<?xml version="1.0" encoding="UTF-8"?>
<!-- Generated by org.testng.reporters.JUnitReportReporter -->
<testsuite hostname="Manju12Yadav" failures="0" tests="1" name="com.restaurant_module.EditRestaurantTest" time="22.258" errors="0" timestamp="2023-03-29T17:29:52 IST" skipped="0">
  <testcase classname="com.restaurant_module.EditRestaurantTest" name="editRestaurant" time="22.258"/>
  <system-out>
    <![CDATA[editRestaurant--------> TestScript Execution Started
editRestaurant----> TestScript Execution Sucessfull]]>
  </system-out>
</testsuite> <!-- com.restaurant_module.EditRestaurantTest -->
