<?xml version="1.0" encoding="UTF-8"?>
<!-- Generated by org.testng.reporters.JUnitReportReporter -->
<testsuite hostname="Manju12Yadav" failures="0" tests="1" name="com.practice.VerifyTeamPresent" time="25.348" errors="0" timestamp="2023-03-28T20:17:25 IST" skipped="0">
  <testcase classname="com.practice.VerifyTeamPresent" name="teamPresent" time="25.348"/>
  <system-out>
    <![CDATA[teamPresent--------> TestScript Execution Started
teamPresent----> TestScript Execution Sucessfull]]>
  </system-out>
</testsuite> <!-- com.practice.VerifyTeamPresent -->
