<?xml version="1.0" encoding="UTF-8"?>
<!-- Generated by org.testng.reporters.JUnitReportReporter -->
<testsuite hostname="Manju12Yadav" failures="0" tests="1" name="com.testng.TC_02" time="62.106" errors="0" timestamp="2023-03-27T15:17:13 IST" skipped="0">
  <testcase classname="com.testng.TC_02" name="crossBrowser" time="62.106"/>
  <system-out/>
</testsuite> <!-- com.testng.TC_02 -->
