<?xml version="1.0" encoding="UTF-8"?>
<!-- Generated by org.testng.reporters.JUnitReportReporter -->
<testsuite hostname="Manju12Yadav" failures="0" tests="1" name="com.menu_module.DeleteMenuTest" time="19.533" errors="0" timestamp="2023-03-24T15:36:03 IST" skipped="0">
  <testcase classname="com.menu_module.DeleteMenuTest" name="deleteMenu" time="19.533"/>
  <system-out/>
</testsuite> <!-- com.menu_module.DeleteMenuTest -->
