<?xml version="1.0" encoding="UTF-8"?>
<!-- Generated by org.testng.reporters.JUnitReportReporter -->
<testsuite hostname="Manju12Yadav" failures="0" tests="2" name="com.practice.DataProviderTest" time="0.013" errors="0" timestamp="2023-03-23T16:35:17 IST" skipped="0">
  <testcase classname="com.practice.DataProviderTest" name="empDetails" time="0.004"/>
  <system-out>
    <![CDATA[Emp Id-->363 Emp Name-->Kalaa Emp Desig -->Test Engineer]]>
  </system-out>
  <testcase classname="com.practice.DataProviderTest" name="empDetails" time="0.009"/>
  <system-out>
    <![CDATA[Emp Id-->361 Emp Name-->Kiran Emp Desig -->Sr test Engineer]]>
  </system-out>
</testsuite> <!-- com.practice.DataProviderTest -->
