<?xml version="1.0" encoding="UTF-8"?>
<!-- Generated by org.testng.reporters.JUnitReportReporter -->
<testsuite hostname="Manju12Yadav" failures="0" tests="3" name="com.menu_module.MenuModule" time="37.083" errors="0" timestamp="2023-04-07T09:48:25 IST" skipped="0">
  <testcase classname="com.menu_module.MenuModule" name="addMenu" time="6.362"/>
  <system-out/>
  <testcase classname="com.menu_module.MenuModule" name="editMenu" time="25.577"/>
  <system-out/>
  <testcase classname="com.menu_module.MenuModule" name="deleteMenu" time="5.144"/>
  <system-out/>
</testsuite> <!-- com.menu_module.MenuModule -->
