<?xml version="1.0" encoding="UTF-8"?>
<!-- Generated by org.testng.reporters.JUnitReportReporter -->
<testsuite hostname="Manju12Yadav" failures="0" tests="1" name="com.restaurant_module.RestaurantModule" time="8.872" errors="0" timestamp="2023-03-28T11:28:54 IST" skipped="0">
  <testcase classname="com.restaurant_module.RestaurantModule" name="addRestaurant" time="8.872"/>
  <system-out/>
</testsuite> <!-- com.restaurant_module.RestaurantModule -->
