<?xml version="1.0" encoding="UTF-8"?>
<!-- Generated by org.testng.reporters.JUnitReportReporter -->
<testsuite hostname="Manju12Yadav" failures="0" tests="1" name="com.practice.TeamWithRating" time="20.014" errors="0" timestamp="2023-03-28T20:43:38 IST" skipped="0">
  <testcase classname="com.practice.TeamWithRating" name="teamRating" time="20.014"/>
  <system-out>
    <![CDATA[teamRating--------> TestScript Execution Started
teamRating----> TestScript Execution Sucessfull]]>
  </system-out>
</testsuite> <!-- com.practice.TeamWithRating -->
