<?xml version="1.0" encoding="UTF-8"?>
<!-- Generated by org.testng.reporters.JUnitReportReporter -->
<testsuite hostname="Manju12Yadav" failures="0" tests="11" name="com.practice.TestNGPracticeTest" time="0.039" errors="0" timestamp="2023-03-23T16:06:25 IST" skipped="0">
  <testcase classname="com.practice.TestNGPracticeTest" name="deleteOrder" time="0.004"/>
  <system-out/>
  <testcase classname="com.practice.TestNGPracticeTest" name="deleteOrder" time="0.002"/>
  <system-out/>
  <testcase classname="com.practice.TestNGPracticeTest" name="editStatus" time="0.004"/>
  <system-out>
    <![CDATA[Status updated]]>
  </system-out>
  <testcase classname="com.practice.TestNGPracticeTest" name="deleteOrder" time="0.001"/>
  <system-out/>
  <testcase classname="com.practice.TestNGPracticeTest" name="createOrder" time="0.002"/>
  <system-out/>
  <testcase classname="com.practice.TestNGPracticeTest" name="createOrder" time="0.002"/>
  <system-out/>
  <testcase classname="com.practice.TestNGPracticeTest" name="createOrder" time="0.014"/>
  <system-out/>
  <testcase classname="com.practice.TestNGPracticeTest" name="createOrder" time="0.004"/>
  <system-out/>
  <testcase classname="com.practice.TestNGPracticeTest" name="createOrder" time="0.002"/>
  <system-out/>
  <testcase classname="com.practice.TestNGPracticeTest" name="editOrder" time="0.002"/>
  <system-out/>
  <testcase classname="com.practice.TestNGPracticeTest" name="editOrder" time="0.002"/>
  <system-out/>
</testsuite> <!-- com.practice.TestNGPracticeTest -->
