<?xml version="1.0" encoding="UTF-8"?>
<!-- Generated by org.testng.reporters.JUnitReportReporter -->
<testsuite hostname="Manju12Yadav" failures="0" tests="1" name="com.menu_module.EditMenuTest" time="26.818" errors="0" timestamp="2023-03-29T17:29:52 IST" skipped="0">
  <testcase classname="com.menu_module.EditMenuTest" name="editMenu" time="26.818"/>
  <system-out>
    <![CDATA[editMenu--------> TestScript Execution Started
editMenu----> TestScript Execution Sucessfull]]>
  </system-out>
</testsuite> <!-- com.menu_module.EditMenuTest -->
